This file contains any messages produced by compilers while
running configure, to aid debugging if configure makes a mistake.

It was created by configure, which was
generated by GNU Autoconf 2.59.  Invocation command line was

  $ ./configure 

## --------- ##
## Platform. ##
## --------- ##

hostname = monolith
uname -m = x86_64
uname -r = 2.6.15
uname -s = Linux
uname -v = #1 PREEMPT Mon Jan 9 22:21:11 EST 2006

/usr/bin/uname -p = AMD Athlon(tm) 64 Processor 2800+
/bin/uname -X     = unknown

/bin/arch              = x86_64
/usr/bin/arch -k       = unknown
/usr/convex/getsysinfo = unknown
hostinfo               = unknown
/bin/machine           = unknown
/usr/bin/oslevel       = unknown
/bin/universe          = unknown

PATH: /usr/local/gcc-3.3.4/bin
PATH: /usr/local/bin
PATH: /usr/bin
PATH: /bin
PATH: /usr/X11R6/bin
PATH: /usr/games
PATH: /usr/lib64/java/bin
PATH: /usr/lib64/java/jre/bin
PATH: /usr/lib64/java/bin
PATH: /usr/lib64/java/jre/bin
PATH: /opt/kde/bin
PATH: /usr/lib64/qt/bin
PATH: /usr/share/texmf/bin
PATH: .
PATH: /sbin
PATH: /usr/sbin
PATH: /usr/local/sbin
PATH: /home/urchlay/bin
PATH: /usr/local/games


## ----------- ##
## Core tests. ##
## ----------- ##

configure:1323: checking build system type
configure:1341: result: x86_64-unknown-linux-gnu
configure:1349: checking host system type
configure:1363: result: x86_64-unknown-linux-gnu
configure:1431: checking for gcc
configure:1447: found /usr/bin/gcc
configure:1457: result: gcc
configure:1701: checking for C compiler version
configure:1704: gcc --version </dev/null >&5
gcc (GCC) 3.4.4
Copyright (C) 2004 Free Software Foundation, Inc.
This is free software; see the source for copying conditions.  There is NO
warranty; not even for MERCHANTABILITY or FITNESS FOR A PARTICULAR PURPOSE.

configure:1707: $? = 0
configure:1709: gcc -v </dev/null >&5
Reading specs from /usr/lib/gcc/x86_64-slackware-linux/3.4.4/specs
Configured with: ../gcc-3.4.4/configure --prefix=/usr --enable-shared --enable-threads=posix --enable-__cxa_atexit --disable-checking --with-gnu-ld --verbose --target=x86_64-slackware-linux --host=x86_64-slackware-linux
Thread model: posix
gcc version 3.4.4
configure:1712: $? = 0
configure:1714: gcc -V </dev/null >&5
gcc: `-V' option must have argument
configure:1717: $? = 1
configure:1740: checking for C compiler default output file name
configure:1743: gcc    conftest.c  >&5
configure:1746: $? = 0
configure:1792: result: a.out
configure:1797: checking whether the C compiler works
configure:1803: ./a.out
configure:1806: $? = 0
configure:1823: result: yes
configure:1830: checking whether we are cross compiling
configure:1832: result: no
configure:1835: checking for suffix of executables
configure:1837: gcc -o conftest    conftest.c  >&5
configure:1840: $? = 0
configure:1865: result: 
configure:1871: checking for suffix of object files
configure:1892: gcc -c   conftest.c >&5
configure:1895: $? = 0
configure:1917: result: o
configure:1921: checking whether we are using the GNU C compiler
configure:1945: gcc -c   conftest.c >&5
configure:1951: $? = 0
configure:1955: test -z 
			 || test ! -s conftest.err
configure:1958: $? = 0
configure:1961: test -s conftest.o
configure:1964: $? = 0
configure:1977: result: yes
configure:1983: checking whether gcc accepts -g
configure:2004: gcc -c -g  conftest.c >&5
configure:2010: $? = 0
configure:2014: test -z 
			 || test ! -s conftest.err
configure:2017: $? = 0
configure:2020: test -s conftest.o
configure:2023: $? = 0
configure:2034: result: yes
configure:2051: checking for gcc option to accept ANSI C
configure:2121: gcc  -c -g -O2  conftest.c >&5
configure:2127: $? = 0
configure:2131: test -z 
			 || test ! -s conftest.err
configure:2134: $? = 0
configure:2137: test -s conftest.o
configure:2140: $? = 0
configure:2158: result: none needed
configure:2176: gcc -c -g -O2  conftest.c >&5
conftest.c:2: error: parse error before "me"
configure:2182: $? = 1
configure: failed program was:
| #ifndef __cplusplus
|   choke me
| #endif
configure:2321: checking for library containing strerror
configure:2351: gcc -o conftest -g -O2   conftest.c  >&5
configure:2357: $? = 0
configure:2361: test -z 
			 || test ! -s conftest.err
configure:2364: $? = 0
configure:2367: test -s conftest
configure:2370: $? = 0
configure:2440: result: none required
configure:2447: checking whether make sets $(MAKE)
configure:2467: result: yes
configure:2489: checking for a BSD-compatible install
configure:2544: result: /usr/bin/ginstall -c
configure:2596: checking for ranlib
configure:2612: found /usr/bin/ranlib
configure:2623: result: ranlib
configure:2642: checking how to run the C preprocessor
configure:2677: gcc -E  conftest.c
configure:2683: $? = 0
configure:2715: gcc -E  conftest.c
conftest.c:9:28: ac_nonexistent.h: No such file or directory
configure:2721: $? = 1
configure: failed program was:
| /* confdefs.h.  */
| 
| #define PACKAGE_NAME ""
| #define PACKAGE_TARNAME ""
| #define PACKAGE_VERSION ""
| #define PACKAGE_STRING ""
| #define PACKAGE_BUGREPORT ""
| /* end confdefs.h.  */
| #include <ac_nonexistent.h>
configure:2760: result: gcc -E
configure:2784: gcc -E  conftest.c
configure:2790: $? = 0
configure:2822: gcc -E  conftest.c
conftest.c:9:28: ac_nonexistent.h: No such file or directory
configure:2828: $? = 1
configure: failed program was:
| /* confdefs.h.  */
| 
| #define PACKAGE_NAME ""
| #define PACKAGE_TARNAME ""
| #define PACKAGE_VERSION ""
| #define PACKAGE_STRING ""
| #define PACKAGE_BUGREPORT ""
| /* end confdefs.h.  */
| #include <ac_nonexistent.h>
configure:2872: checking for egrep
configure:2882: result: grep -E
configure:2887: checking for ANSI C header files
configure:2912: gcc -c -g -O2  conftest.c >&5
configure:2918: $? = 0
configure:2922: test -z 
			 || test ! -s conftest.err
configure:2925: $? = 0
configure:2928: test -s conftest.o
configure:2931: $? = 0
configure:3020: gcc -o conftest -g -O2   conftest.c  >&5
configure:3023: $? = 0
configure:3025: ./conftest
configure:3028: $? = 0
configure:3043: result: yes
configure:3067: checking for sys/types.h
configure:3083: gcc -c -g -O2  conftest.c >&5
configure:3089: $? = 0
configure:3093: test -z 
			 || test ! -s conftest.err
configure:3096: $? = 0
configure:3099: test -s conftest.o
configure:3102: $? = 0
configure:3113: result: yes
configure:3067: checking for sys/stat.h
configure:3083: gcc -c -g -O2  conftest.c >&5
configure:3089: $? = 0
configure:3093: test -z 
			 || test ! -s conftest.err
configure:3096: $? = 0
configure:3099: test -s conftest.o
configure:3102: $? = 0
configure:3113: result: yes
configure:3067: checking for stdlib.h
configure:3083: gcc -c -g -O2  conftest.c >&5
configure:3089: $? = 0
configure:3093: test -z 
			 || test ! -s conftest.err
configure:3096: $? = 0
configure:3099: test -s conftest.o
configure:3102: $? = 0
configure:3113: result: yes
configure:3067: checking for string.h
configure:3083: gcc -c -g -O2  conftest.c >&5
configure:3089: $? = 0
configure:3093: test -z 
			 || test ! -s conftest.err
configure:3096: $? = 0
configure:3099: test -s conftest.o
configure:3102: $? = 0
configure:3113: result: yes
configure:3067: checking for memory.h
configure:3083: gcc -c -g -O2  conftest.c >&5
configure:3089: $? = 0
configure:3093: test -z 
			 || test ! -s conftest.err
configure:3096: $? = 0
configure:3099: test -s conftest.o
configure:3102: $? = 0
configure:3113: result: yes
configure:3067: checking for strings.h
configure:3083: gcc -c -g -O2  conftest.c >&5
configure:3089: $? = 0
configure:3093: test -z 
			 || test ! -s conftest.err
configure:3096: $? = 0
configure:3099: test -s conftest.o
configure:3102: $? = 0
configure:3113: result: yes
configure:3067: checking for inttypes.h
configure:3083: gcc -c -g -O2  conftest.c >&5
configure:3089: $? = 0
configure:3093: test -z 
			 || test ! -s conftest.err
configure:3096: $? = 0
configure:3099: test -s conftest.o
configure:3102: $? = 0
configure:3113: result: yes
configure:3067: checking for stdint.h
configure:3083: gcc -c -g -O2  conftest.c >&5
configure:3089: $? = 0
configure:3093: test -z 
			 || test ! -s conftest.err
configure:3096: $? = 0
configure:3099: test -s conftest.o
configure:3102: $? = 0
configure:3113: result: yes
configure:3067: checking for unistd.h
configure:3083: gcc -c -g -O2  conftest.c >&5
configure:3089: $? = 0
configure:3093: test -z 
			 || test ! -s conftest.err
configure:3096: $? = 0
configure:3099: test -s conftest.o
configure:3102: $? = 0
configure:3113: result: yes
configure:3145: checking fcntl.h usability
configure:3157: gcc -c -g -O2  conftest.c >&5
configure:3163: $? = 0
configure:3167: test -z 
			 || test ! -s conftest.err
configure:3170: $? = 0
configure:3173: test -s conftest.o
configure:3176: $? = 0
configure:3186: result: yes
configure:3190: checking fcntl.h presence
configure:3200: gcc -E  conftest.c
configure:3206: $? = 0
configure:3226: result: yes
configure:3261: checking for fcntl.h
configure:3268: result: yes
configure:3145: checking limits.h usability
configure:3157: gcc -c -g -O2  conftest.c >&5
configure:3163: $? = 0
configure:3167: test -z 
			 || test ! -s conftest.err
configure:3170: $? = 0
configure:3173: test -s conftest.o
configure:3176: $? = 0
configure:3186: result: yes
configure:3190: checking limits.h presence
configure:3200: gcc -E  conftest.c
configure:3206: $? = 0
configure:3226: result: yes
configure:3261: checking for limits.h
configure:3268: result: yes
configure:3136: checking for sys/types.h
configure:3141: result: yes
configure:3145: checking sys/file.h usability
configure:3157: gcc -c -g -O2  conftest.c >&5
configure:3163: $? = 0
configure:3167: test -z 
			 || test ! -s conftest.err
configure:3170: $? = 0
configure:3173: test -s conftest.o
configure:3176: $? = 0
configure:3186: result: yes
configure:3190: checking sys/file.h presence
configure:3200: gcc -E  conftest.c
configure:3206: $? = 0
configure:3226: result: yes
configure:3261: checking for sys/file.h
configure:3268: result: yes
configure:3145: checking sys/ioctl.h usability
configure:3157: gcc -c -g -O2  conftest.c >&5
configure:3163: $? = 0
configure:3167: test -z 
			 || test ! -s conftest.err
configure:3170: $? = 0
configure:3173: test -s conftest.o
configure:3176: $? = 0
configure:3186: result: yes
configure:3190: checking sys/ioctl.h presence
configure:3200: gcc -E  conftest.c
configure:3206: $? = 0
configure:3226: result: yes
configure:3261: checking for sys/ioctl.h
configure:3268: result: yes
configure:3145: checking sys/time.h usability
configure:3157: gcc -c -g -O2  conftest.c >&5
configure:3163: $? = 0
configure:3167: test -z 
			 || test ! -s conftest.err
configure:3170: $? = 0
configure:3173: test -s conftest.o
configure:3176: $? = 0
configure:3186: result: yes
configure:3190: checking sys/time.h presence
configure:3200: gcc -E  conftest.c
configure:3206: $? = 0
configure:3226: result: yes
configure:3261: checking for sys/time.h
configure:3268: result: yes
configure:3136: checking for unistd.h
configure:3141: result: yes
configure:3543: checking for ftruncate
configure:3600: gcc -o conftest -g -O2   conftest.c  >&5
configure:3606: $? = 0
configure:3610: test -z 
			 || test ! -s conftest.err
configure:3613: $? = 0
configure:3616: test -s conftest
configure:3619: $? = 0
configure:3631: result: yes
configure:3543: checking for chsize
configure:3600: gcc -o conftest -g -O2   conftest.c  >&5
/tmp/ccYUkI8h.o(.text+0x9): In function `main':
/home/urchlay/stella_cvs/src/emucore/rsynth/conftest.c:67: undefined reference to `chsize'
/tmp/ccYUkI8h.o(.data+0x0): undefined reference to `chsize'
collect2: ld returned 1 exit status
configure:3606: $? = 1
configure: failed program was:
| /* confdefs.h.  */
| 
| #define PACKAGE_NAME ""
| #define PACKAGE_TARNAME ""
| #define PACKAGE_VERSION ""
| #define PACKAGE_STRING ""
| #define PACKAGE_BUGREPORT ""
| #define STDC_HEADERS 1
| #define HAVE_SYS_TYPES_H 1
| #define HAVE_SYS_STAT_H 1
| #define HAVE_STDLIB_H 1
| #define HAVE_STRING_H 1
| #define HAVE_MEMORY_H 1
| #define HAVE_STRINGS_H 1
| #define HAVE_INTTYPES_H 1
| #define HAVE_STDINT_H 1
| #define HAVE_UNISTD_H 1
| #define HAVE_FCNTL_H 1
| #define HAVE_LIMITS_H 1
| #define HAVE_SYS_TYPES_H 1
| #define HAVE_SYS_FILE_H 1
| #define HAVE_SYS_IOCTL_H 1
| #define HAVE_SYS_TIME_H 1
| #define HAVE_UNISTD_H 1
| #define HAVE_FTRUNCATE 1
| /* end confdefs.h.  */
| /* Define chsize to an innocuous variant, in case <limits.h> declares chsize.
|    For example, HP-UX 11i <limits.h> declares gettimeofday.  */
| #define chsize innocuous_chsize
| 
| /* System header to define __stub macros and hopefully few prototypes,
|     which can conflict with char chsize (); below.
|     Prefer <limits.h> to <assert.h> if __STDC__ is defined, since
|     <limits.h> exists even on freestanding compilers.  */
| 
| #ifdef __STDC__
| # include <limits.h>
| #else
| # include <assert.h>
| #endif
| 
| #undef chsize
| 
| /* Override any gcc2 internal prototype to avoid an error.  */
| #ifdef __cplusplus
| extern "C"
| {
| #endif
| /* We use char because int might match the return type of a gcc2
|    builtin and then its argument prototype would still apply.  */
| char chsize ();
| /* The GNU C library defines this for functions which it implements
|     to always fail with ENOSYS.  Some functions are actually named
|     something starting with __ and the normal name is an alias.  */
| #if defined (__stub_chsize) || defined (__stub___chsize)
| choke me
| #else
| char (*f) () = chsize;
| #endif
| #ifdef __cplusplus
| }
| #endif
| 
| int
| main ()
| {
| return f != chsize;
|   ;
|   return 0;
| }
configure:3631: result: no
configure:3543: checking for truncate
configure:3600: gcc -o conftest -g -O2   conftest.c  >&5
configure:3606: $? = 0
configure:3610: test -z 
			 || test ! -s conftest.err
configure:3613: $? = 0
configure:3616: test -s conftest
configure:3619: $? = 0
configure:3631: result: yes
configure:3952: WARNING: prefix is /usr/local
configure:3970: checking alsa/asoundlib.h usability
configure:3982: gcc -c -g -O2  conftest.c >&5
configure:3988: $? = 0
configure:3992: test -z 
			 || test ! -s conftest.err
configure:3995: $? = 0
configure:3998: test -s conftest.o
configure:4001: $? = 0
configure:4011: result: yes
configure:4015: checking alsa/asoundlib.h presence
configure:4025: gcc -E  conftest.c
configure:4031: $? = 0
configure:4051: result: yes
configure:4086: checking for alsa/asoundlib.h
configure:4093: result: yes
configure:4112: checking Checking for new ALSA API
configure:4136: gcc -c -g -O2  conftest.c >&5
configure:4142: $? = 0
configure:4146: test -z 
			 || test ! -s conftest.err
configure:4149: $? = 0
configure:4152: test -s conftest.o
configure:4155: $? = 0
configure:4159: result: yes
configure:4247: checking for snd_pcm_open in -lasound
configure:4277: gcc -o conftest -g -O2   conftest.c -lasound   >&5
configure:4283: $? = 0
configure:4287: test -z 
			 || test ! -s conftest.err
configure:4290: $? = 0
configure:4293: test -s conftest
configure:4296: $? = 0
configure:4309: result: yes
configure:4509: checking for an ANSI C-conforming const
configure:4576: gcc -c -g -O2  conftest.c >&5
configure:4582: $? = 0
configure:4586: test -z 
			 || test ! -s conftest.err
configure:4589: $? = 0
configure:4592: test -s conftest.o
configure:4595: $? = 0
configure:4606: result: yes
configure:4616: checking for off_t
configure:4640: gcc -c -g -O2  conftest.c >&5
configure:4646: $? = 0
configure:4650: test -z 
			 || test ! -s conftest.err
configure:4653: $? = 0
configure:4656: test -s conftest.o
configure:4659: $? = 0
configure:4670: result: yes
configure:4683: checking if we can use float in prototypes
configure:4703: gcc -c -g -O2  conftest.c >&5
configure:4709: $? = 0
configure:4713: test -z 
			 || test ! -s conftest.err
configure:4716: $? = 0
configure:4719: test -s conftest.o
configure:4722: $? = 0
configure:4724: result: yes
configure:4744: WARNING: Using -I/usr/local/include
configure:4750: WARNING: Using -L/usr/local/lib
configure:4788: checking for database libraries...
configure:4804: checking for db_create in -ldb
configure:4834: gcc -o conftest -g -O2  -I/usr/local/include  conftest.c -ldb  -L/usr/local/lib -lasound  >&5
configure:4840: $? = 0
configure:4844: test -z 
			 || test ! -s conftest.err
configure:4847: $? = 0
configure:4850: test -s conftest
configure:4853: $? = 0
configure:4866: result: yes
configure:4892: checking db.h usability
configure:4904: gcc -c -g -O2  -I/usr/local/include conftest.c >&5
configure:4910: $? = 0
configure:4914: test -z 
			 || test ! -s conftest.err
configure:4917: $? = 0
configure:4920: test -s conftest.o
configure:4923: $? = 0
configure:4933: result: yes
configure:4937: checking db.h presence
configure:4947: gcc -E  -I/usr/local/include conftest.c
configure:4953: $? = 0
configure:4973: result: yes
configure:5008: checking for db.h
configure:5015: result: yes
configure:5031: WARNING: Using db
configure:5064: checking gdbm.h usability
configure:5076: gcc -c -g -O2  -I/usr/local/include conftest.c >&5
configure:5082: $? = 0
configure:5086: test -z 
			 || test ! -s conftest.err
configure:5089: $? = 0
configure:5092: test -s conftest.o
configure:5095: $? = 0
configure:5105: result: yes
configure:5109: checking gdbm.h presence
configure:5119: gcc -E  -I/usr/local/include conftest.c
configure:5125: $? = 0
configure:5145: result: yes
configure:5180: checking for gdbm.h
configure:5187: result: yes
configure:5202: checking for gdbm_open in -lgdbm
configure:5232: gcc -o conftest -g -O2  -I/usr/local/include  conftest.c -lgdbm  -ldb -L/usr/local/lib -lasound  >&5
configure:5238: $? = 0
configure:5242: test -z 
			 || test ! -s conftest.err
configure:5245: $? = 0
configure:5248: test -s conftest
configure:5251: $? = 0
configure:5264: result: yes
configure:5276: WARNING: Using gdbm
configure:5291: checking for perl
configure:5309: found /usr/bin/perl
configure:5321: result: /usr/bin/perl
configure:5365: checking for atan in -lM
configure:5395: gcc -o conftest -g -O2 -I. -I.  -I/usr/local/include  conftest.c -lM  -lgdbm -ldb -L/usr/local/lib -lasound  >&5
conftest.c:42: warning: conflicting types for built-in function 'atan'
/usr/lib/gcc/x86_64-slackware-linux/3.4.4/../../../../x86_64-slackware-linux/bin/ld: cannot find -lM
collect2: ld returned 1 exit status
configure:5401: $? = 1
configure: failed program was:
| /* confdefs.h.  */
| 
| #define PACKAGE_NAME ""
| #define PACKAGE_TARNAME ""
| #define PACKAGE_VERSION ""
| #define PACKAGE_STRING ""
| #define PACKAGE_BUGREPORT ""
| #define STDC_HEADERS 1
| #define HAVE_SYS_TYPES_H 1
| #define HAVE_SYS_STAT_H 1
| #define HAVE_STDLIB_H 1
| #define HAVE_STRING_H 1
| #define HAVE_MEMORY_H 1
| #define HAVE_STRINGS_H 1
| #define HAVE_INTTYPES_H 1
| #define HAVE_STDINT_H 1
| #define HAVE_UNISTD_H 1
| #define HAVE_FCNTL_H 1
| #define HAVE_LIMITS_H 1
| #define HAVE_SYS_TYPES_H 1
| #define HAVE_SYS_FILE_H 1
| #define HAVE_SYS_IOCTL_H 1
| #define HAVE_SYS_TIME_H 1
| #define HAVE_UNISTD_H 1
| #define HAVE_FTRUNCATE 1
| #define HAVE_TRUNCATE 1
| #define HAVE_ALSA_ASOUNDLIB_H 1
| #define RSYNTH_ALSA_PCM_POINTER_PARAMS_API 1
| #define HAVE_LIBASOUND 1
| #define HAVE_LIBDB 1
| #define HAVE_DB_H 1
| #define HAVE_GDBM_H 1
| #define HAVE_LIBGDBM 1
| /* end confdefs.h.  */
| 
| /* Override any gcc2 internal prototype to avoid an error.  */
| #ifdef __cplusplus
| extern "C"
| #endif
| /* We use char because int might match the return type of a gcc2
|    builtin and then its argument prototype would still apply.  */
| char atan ();
| int
| main ()
| {
| atan ();
|   ;
|   return 0;
| }
configure:5427: result: no
configure:5439: checking for atan in -lm
configure:5469: gcc -o conftest -g -O2 -I. -I.  -I/usr/local/include  conftest.c -lm  -lgdbm -ldb -L/usr/local/lib -lasound  >&5
conftest.c:42: warning: conflicting types for built-in function 'atan'
configure:5475: $? = 0
configure:5479: test -z 
			 || test ! -s conftest.err
configure:5482: $? = 0
configure:5485: test -s conftest
configure:5488: $? = 0
configure:5501: result: yes
configure:5592: checking for X
configure:5822: result: libraries /usr/X11R6/lib64, headers /usr/X11R6/include
configure:5994: gcc -o conftest -g -O2 -I. -I.  -I/usr/local/include  conftest.c -lm -lgdbm -ldb -L/usr/local/lib -lasound   -L/usr/X11R6/lib64 -lX11 >&5
configure:6000: $? = 0
configure:6004: test -z 
			 || test ! -s conftest.err
configure:6007: $? = 0
configure:6010: test -s conftest
configure:6013: $? = 0
configure:6171: checking for gethostbyname
configure:6228: gcc -o conftest -g -O2 -I. -I.  -I/usr/local/include  conftest.c -lm -lgdbm -ldb -L/usr/local/lib -lasound  >&5
configure:6234: $? = 0
configure:6238: test -z 
			 || test ! -s conftest.err
configure:6241: $? = 0
configure:6244: test -s conftest
configure:6247: $? = 0
configure:6259: result: yes
configure:6410: checking for connect
configure:6467: gcc -o conftest -g -O2 -I. -I.  -I/usr/local/include  conftest.c -lm -lgdbm -ldb -L/usr/local/lib -lasound  >&5
configure:6473: $? = 0
configure:6477: test -z 
			 || test ! -s conftest.err
configure:6480: $? = 0
configure:6483: test -s conftest
configure:6486: $? = 0
configure:6498: result: yes
configure:6573: checking for remove
configure:6630: gcc -o conftest -g -O2 -I. -I.  -I/usr/local/include  conftest.c -lm -lgdbm -ldb -L/usr/local/lib -lasound  >&5
configure:6636: $? = 0
configure:6640: test -z 
			 || test ! -s conftest.err
configure:6643: $? = 0
configure:6646: test -s conftest
configure:6649: $? = 0
configure:6661: result: yes
configure:6736: checking for shmat
configure:6793: gcc -o conftest -g -O2 -I. -I.  -I/usr/local/include  conftest.c -lm -lgdbm -ldb -L/usr/local/lib -lasound  >&5
configure:6799: $? = 0
configure:6803: test -z 
			 || test ! -s conftest.err
configure:6806: $? = 0
configure:6809: test -s conftest
configure:6812: $? = 0
configure:6824: result: yes
configure:6908: checking for IceConnectionNumber in -lICE
configure:6938: gcc -o conftest -g -O2 -I. -I.  -I/usr/local/include  -L/usr/X11R6/lib64 conftest.c -lICE  -lm -lgdbm -ldb -L/usr/local/lib -lasound  >&5
configure:6944: $? = 0
configure:6948: test -z 
			 || test ! -s conftest.err
configure:6951: $? = 0
configure:6954: test -s conftest
configure:6957: $? = 0
configure:6970: result: yes
configure:6984: checking for socket in -lsocket
configure:7014: gcc -o conftest -g -O2 -I. -I.  -I/usr/local/include -I/usr/X11R6/include  conftest.c -lsocket  -lm -lgdbm -ldb -L/usr/local/lib -lasound  >&5
/usr/lib/gcc/x86_64-slackware-linux/3.4.4/../../../../x86_64-slackware-linux/bin/ld: cannot find -lsocket
collect2: ld returned 1 exit status
configure:7020: $? = 1
configure: failed program was:
| /* confdefs.h.  */
| 
| #define PACKAGE_NAME ""
| #define PACKAGE_TARNAME ""
| #define PACKAGE_VERSION ""
| #define PACKAGE_STRING ""
| #define PACKAGE_BUGREPORT ""
| #define STDC_HEADERS 1
| #define HAVE_SYS_TYPES_H 1
| #define HAVE_SYS_STAT_H 1
| #define HAVE_STDLIB_H 1
| #define HAVE_STRING_H 1
| #define HAVE_MEMORY_H 1
| #define HAVE_STRINGS_H 1
| #define HAVE_INTTYPES_H 1
| #define HAVE_STDINT_H 1
| #define HAVE_UNISTD_H 1
| #define HAVE_FCNTL_H 1
| #define HAVE_LIMITS_H 1
| #define HAVE_SYS_TYPES_H 1
| #define HAVE_SYS_FILE_H 1
| #define HAVE_SYS_IOCTL_H 1
| #define HAVE_SYS_TIME_H 1
| #define HAVE_UNISTD_H 1
| #define HAVE_FTRUNCATE 1
| #define HAVE_TRUNCATE 1
| #define HAVE_ALSA_ASOUNDLIB_H 1
| #define RSYNTH_ALSA_PCM_POINTER_PARAMS_API 1
| #define HAVE_LIBASOUND 1
| #define HAVE_LIBDB 1
| #define HAVE_DB_H 1
| #define HAVE_GDBM_H 1
| #define HAVE_LIBGDBM 1
| #define HAVE_LIBM 1
| /* end confdefs.h.  */
| 
| /* Override any gcc2 internal prototype to avoid an error.  */
| #ifdef __cplusplus
| extern "C"
| #endif
| /* We use char because int might match the return type of a gcc2
|    builtin and then its argument prototype would still apply.  */
| char socket ();
| int
| main ()
| {
| socket ();
|   ;
|   return 0;
| }
configure:7046: result: no
configure:7052: checking for inet_addr in -lnsl
configure:7082: gcc -o conftest -g -O2 -I. -I.  -I/usr/local/include -I/usr/X11R6/include  conftest.c -lnsl  -lm -lgdbm -ldb -L/usr/local/lib -lasound  >&5
configure:7088: $? = 0
configure:7092: test -z 
			 || test ! -s conftest.err
configure:7095: $? = 0
configure:7098: test -s conftest
configure:7101: $? = 0
configure:7114: result: yes
configure:7120: checking for XauReadAuth in -lX11
configure:7150: gcc -o conftest -g -O2 -I. -I.  -I/usr/local/include -I/usr/X11R6/include  conftest.c -lX11  -L/usr/X11R6/lib64 -lnsl  -lm -lgdbm -ldb -L/usr/local/lib -lasound  -lm -lgdbm -ldb -L/usr/local/lib -lasound  >&5
configure:7156: $? = 0
configure:7160: test -z 
			 || test ! -s conftest.err
configure:7163: $? = 0
configure:7166: test -s conftest
configure:7169: $? = 0
configure:7182: result: yes
configure:7196: checking for XtAppAddInput in -lXt
configure:7226: gcc -o conftest -g -O2 -I. -I.  -I/usr/local/include -I/usr/X11R6/include  conftest.c -lXt  -L/usr/X11R6/lib64  -L/usr/X11R6/lib64 -lX11 -lnsl  -lm -lgdbm -ldb -L/usr/local/lib -lasound  -lm -lgdbm -ldb -L/usr/local/lib -lasound  >&5
configure:7232: $? = 0
configure:7236: test -z 
			 || test ! -s conftest.err
configure:7239: $? = 0
configure:7242: test -s conftest
configure:7245: $? = 0
configure:7258: result: yes
configure:7286: checking audio/audiolib.h usability
configure:7298: gcc -c -g -O2 -I. -I.  -I/usr/local/include -I/usr/X11R6/include conftest.c >&5
conftest.c:72:28: audio/audiolib.h: No such file or directory
configure:7304: $? = 1
configure: failed program was:
| /* confdefs.h.  */
| 
| #define PACKAGE_NAME ""
| #define PACKAGE_TARNAME ""
| #define PACKAGE_VERSION ""
| #define PACKAGE_STRING ""
| #define PACKAGE_BUGREPORT ""
| #define STDC_HEADERS 1
| #define HAVE_SYS_TYPES_H 1
| #define HAVE_SYS_STAT_H 1
| #define HAVE_STDLIB_H 1
| #define HAVE_STRING_H 1
| #define HAVE_MEMORY_H 1
| #define HAVE_STRINGS_H 1
| #define HAVE_INTTYPES_H 1
| #define HAVE_STDINT_H 1
| #define HAVE_UNISTD_H 1
| #define HAVE_FCNTL_H 1
| #define HAVE_LIMITS_H 1
| #define HAVE_SYS_TYPES_H 1
| #define HAVE_SYS_FILE_H 1
| #define HAVE_SYS_IOCTL_H 1
| #define HAVE_SYS_TIME_H 1
| #define HAVE_UNISTD_H 1
| #define HAVE_FTRUNCATE 1
| #define HAVE_TRUNCATE 1
| #define HAVE_ALSA_ASOUNDLIB_H 1
| #define RSYNTH_ALSA_PCM_POINTER_PARAMS_API 1
| #define HAVE_LIBASOUND 1
| #define HAVE_LIBDB 1
| #define HAVE_DB_H 1
| #define HAVE_GDBM_H 1
| #define HAVE_LIBGDBM 1
| #define HAVE_LIBM 1
| #define HAVE_LIBX11 1
| #define HAVE_LIBXT 1
| /* end confdefs.h.  */
| #include <stdio.h>
| #if HAVE_SYS_TYPES_H
| # include <sys/types.h>
| #endif
| #if HAVE_SYS_STAT_H
| # include <sys/stat.h>
| #endif
| #if STDC_HEADERS
| # include <stdlib.h>
| # include <stddef.h>
| #else
| # if HAVE_STDLIB_H
| #  include <stdlib.h>
| # endif
| #endif
| #if HAVE_STRING_H
| # if !STDC_HEADERS && HAVE_MEMORY_H
| #  include <memory.h>
| # endif
| # include <string.h>
| #endif
| #if HAVE_STRINGS_H
| # include <strings.h>
| #endif
| #if HAVE_INTTYPES_H
| # include <inttypes.h>
| #else
| # if HAVE_STDINT_H
| #  include <stdint.h>
| # endif
| #endif
| #if HAVE_UNISTD_H
| # include <unistd.h>
| #endif
| #include <audio/audiolib.h>
configure:7327: result: no
configure:7331: checking audio/audiolib.h presence
configure:7341: gcc -E -I. -I.  -I/usr/local/include -I/usr/X11R6/include conftest.c
conftest.c:38:28: audio/audiolib.h: No such file or directory
configure:7347: $? = 1
configure: failed program was:
| /* confdefs.h.  */
| 
| #define PACKAGE_NAME ""
| #define PACKAGE_TARNAME ""
| #define PACKAGE_VERSION ""
| #define PACKAGE_STRING ""
| #define PACKAGE_BUGREPORT ""
| #define STDC_HEADERS 1
| #define HAVE_SYS_TYPES_H 1
| #define HAVE_SYS_STAT_H 1
| #define HAVE_STDLIB_H 1
| #define HAVE_STRING_H 1
| #define HAVE_MEMORY_H 1
| #define HAVE_STRINGS_H 1
| #define HAVE_INTTYPES_H 1
| #define HAVE_STDINT_H 1
| #define HAVE_UNISTD_H 1
| #define HAVE_FCNTL_H 1
| #define HAVE_LIMITS_H 1
| #define HAVE_SYS_TYPES_H 1
| #define HAVE_SYS_FILE_H 1
| #define HAVE_SYS_IOCTL_H 1
| #define HAVE_SYS_TIME_H 1
| #define HAVE_UNISTD_H 1
| #define HAVE_FTRUNCATE 1
| #define HAVE_TRUNCATE 1
| #define HAVE_ALSA_ASOUNDLIB_H 1
| #define RSYNTH_ALSA_PCM_POINTER_PARAMS_API 1
| #define HAVE_LIBASOUND 1
| #define HAVE_LIBDB 1
| #define HAVE_DB_H 1
| #define HAVE_GDBM_H 1
| #define HAVE_LIBGDBM 1
| #define HAVE_LIBM 1
| #define HAVE_LIBX11 1
| #define HAVE_LIBXT 1
| /* end confdefs.h.  */
| #include <audio/audiolib.h>
configure:7367: result: no
configure:7402: checking for audio/audiolib.h
configure:7409: result: no
configure:7562: checking whether gcc needs -traditional
configure:7604: result: no
configure:7611: checking return type of signal handlers
configure:7642: gcc -c -g -O2 -I. -I.  -I/usr/local/include -I/usr/X11R6/include conftest.c >&5
configure:7648: $? = 0
configure:7652: test -z 
			 || test ! -s conftest.err
configure:7655: $? = 0
configure:7658: test -s conftest.o
configure:7661: $? = 0
configure:7672: result: void
configure:7681: checking for GNU make
configure:7685: result: yes
configure:7764: creating ./config.status

## ---------------------- ##
## Running config.status. ##
## ---------------------- ##

This file was extended by config.status, which was
generated by GNU Autoconf 2.59.  Invocation command line was

  CONFIG_FILES    = 
  CONFIG_HEADERS  = 
  CONFIG_LINKS    = 
  CONFIG_COMMANDS = 
  $ ./config.status 

on monolith

config.status:685: creating Makefile
config.status:789: creating config.h
config.status:931: config.h is unchanged
config.status:988: linking ./config/alsaplay.c to hplay.c

## ---------------- ##
## Cache variables. ##
## ---------------- ##

ac_cv_build=x86_64-unknown-linux-gnu
ac_cv_build_alias=x86_64-unknown-linux-gnu
ac_cv_c_compiler_gnu=yes
ac_cv_c_const=yes
ac_cv_env_CC_set=
ac_cv_env_CC_value=
ac_cv_env_CFLAGS_set=
ac_cv_env_CFLAGS_value=
ac_cv_env_CPPFLAGS_set=
ac_cv_env_CPPFLAGS_value=
ac_cv_env_CPP_set=
ac_cv_env_CPP_value=
ac_cv_env_LDFLAGS_set=
ac_cv_env_LDFLAGS_value=
ac_cv_env_build_alias_set=
ac_cv_env_build_alias_value=
ac_cv_env_host_alias_set=
ac_cv_env_host_alias_value=
ac_cv_env_target_alias_set=
ac_cv_env_target_alias_value=
ac_cv_exeext=
ac_cv_func_chsize=no
ac_cv_func_connect=yes
ac_cv_func_ftruncate=yes
ac_cv_func_gethostbyname=yes
ac_cv_func_remove=yes
ac_cv_func_shmat=yes
ac_cv_func_truncate=yes
ac_cv_have_x='have_x=yes 		ac_x_includes=/usr/X11R6/include ac_x_libraries=/usr/X11R6/lib64'
ac_cv_header_alsa_asoundlib_h=yes
ac_cv_header_audio_audiolib_h=no
ac_cv_header_db_h=yes
ac_cv_header_fcntl_h=yes
ac_cv_header_gdbm_h=yes
ac_cv_header_inttypes_h=yes
ac_cv_header_limits_h=yes
ac_cv_header_memory_h=yes
ac_cv_header_stdc=yes
ac_cv_header_stdint_h=yes
ac_cv_header_stdlib_h=yes
ac_cv_header_string_h=yes
ac_cv_header_strings_h=yes
ac_cv_header_sys_file_h=yes
ac_cv_header_sys_ioctl_h=yes
ac_cv_header_sys_stat_h=yes
ac_cv_header_sys_time_h=yes
ac_cv_header_sys_types_h=yes
ac_cv_header_unistd_h=yes
ac_cv_host=x86_64-unknown-linux-gnu
ac_cv_host_alias=x86_64-unknown-linux-gnu
ac_cv_lib_ICE_IceConnectionNumber=yes
ac_cv_lib_M_atan=no
ac_cv_lib_X11_XauReadAuth=yes
ac_cv_lib_Xt_XtAppAddInput=yes
ac_cv_lib_asound_snd_pcm_open=yes
ac_cv_lib_db_db_create=yes
ac_cv_lib_gdbm_gdbm_open=yes
ac_cv_lib_m_atan=yes
ac_cv_lib_nsl_inet_addr=yes
ac_cv_lib_socket_socket=no
ac_cv_objext=o
ac_cv_path_PERL=/usr/bin/perl
ac_cv_path_install='/usr/bin/ginstall -c'
ac_cv_prog_CPP='gcc -E'
ac_cv_prog_ac_ct_CC=gcc
ac_cv_prog_ac_ct_RANLIB=ranlib
ac_cv_prog_cc_g=yes
ac_cv_prog_cc_stdc=
ac_cv_prog_egrep='grep -E'
ac_cv_prog_gcc_traditional=no
ac_cv_prog_make_make_set=yes
ac_cv_search_strerror='none required'
ac_cv_type_off_t=yes
ac_cv_type_signal=void

## ----------------- ##
## Output variables. ##
## ----------------- ##

ADICT=''
BDICT=''
BUILD=' perlstuff'
CC='gcc'
CFLAGS='-g -O2'
CPP='gcc -E'
CPPFLAGS='-I. -I.  -I/usr/local/include -I/usr/X11R6/include'
DEFAULT_DICT='b'
DEFS='-DHAVE_CONFIG_H'
DICTS=''
ECHO_C=''
ECHO_N='-n'
ECHO_T=''
EGREP='grep -E'
EXEEXT=''
EXTRA_INST=' install_perl'
FESTIVAL=''
HAVE_NONSTDARITH=''
INSTALL='/usr/bin/ginstall -c'
INSTALL_DATA='${INSTALL} -m 644'
INSTALL_PROGRAM='${INSTALL}'
INSTALL_SCRIPT='${INSTALL}'
LDFLAGS=''
LIBOBJS=''
LIBS='-lm -lgdbm -ldb -L/usr/local/lib -lasound '
LTLIBOBJS=''
NOPROTOFLOAT=''
OBJEXT='o'
PACKAGE_BUGREPORT=''
PACKAGE_NAME=''
PACKAGE_STRING=''
PACKAGE_TARNAME=''
PACKAGE_VERSION=''
PATH_SEPARATOR=':'
PERL='/usr/bin/perl'
PROGS='say mkdictdb dlookup mkdictdb dlookup'
RANLIB='ranlib'
SET_MAKE=''
SHELL='/bin/sh'
XLIBS=' -L/usr/X11R6/lib64 -lXt  -L/usr/X11R6/lib64 -lX11 -lnsl '
X_CFLAGS=' -I/usr/X11R6/include'
X_EXTRA_LIBS=''
X_LIBS=' -L/usr/X11R6/lib64'
X_PRE_LIBS=' -lSM -lICE'
ac_ct_CC='gcc'
ac_ct_RANLIB='ranlib'
bindir='${exec_prefix}/bin'
build='x86_64-unknown-linux-gnu'
build_alias=''
build_cpu='x86_64'
build_os='linux-gnu'
build_vendor='unknown'
datadir='${prefix}/share'
exec_prefix='${prefix}'
host='x86_64-unknown-linux-gnu'
host_alias=''
host_cpu='x86_64'
host_os='linux-gnu'
host_vendor='unknown'
includedir='${prefix}/include'
infodir='${prefix}/info'
libdir='${exec_prefix}/lib'
libexecdir='${exec_prefix}/libexec'
localstatedir='${prefix}/var'
mandir='${prefix}/man'
oldincludedir='/usr/include'
prefix='/usr/local'
program_transform_name='s,x,x,'
sbindir='${exec_prefix}/sbin'
sharedstatedir='${prefix}/com'
sysconfdir='${prefix}/etc'
target_alias=''

## ------------- ##
## Output files. ##
## ------------- ##

make_dist='./config/make_dist'

## ----------- ##
## confdefs.h. ##
## ----------- ##

#define HAVE_ALSA_ASOUNDLIB_H 1
#define HAVE_DB_H 1
#define HAVE_FCNTL_H 1
#define HAVE_FTRUNCATE 1
#define HAVE_GDBM_H 1
#define HAVE_INTTYPES_H 1
#define HAVE_LIBASOUND 1
#define HAVE_LIBDB 1
#define HAVE_LIBGDBM 1
#define HAVE_LIBM 1
#define HAVE_LIBX11 1
#define HAVE_LIBXT 1
#define HAVE_LIMITS_H 1
#define HAVE_MEMORY_H 1
#define HAVE_STDINT_H 1
#define HAVE_STDLIB_H 1
#define HAVE_STRINGS_H 1
#define HAVE_STRING_H 1
#define HAVE_SYS_FILE_H 1
#define HAVE_SYS_IOCTL_H 1
#define HAVE_SYS_STAT_H 1
#define HAVE_SYS_TIME_H 1
#define HAVE_SYS_TYPES_H 1
#define HAVE_SYS_TYPES_H 1
#define HAVE_TRUNCATE 1
#define HAVE_UNISTD_H 1
#define HAVE_UNISTD_H 1
#define PACKAGE_BUGREPORT ""
#define PACKAGE_NAME ""
#define PACKAGE_STRING ""
#define PACKAGE_TARNAME ""
#define PACKAGE_VERSION ""
#define RETSIGTYPE void
#define RSYNTH_ALSA_PCM_POINTER_PARAMS_API 1
#define STDC_HEADERS 1

configure: exit 0
